Data successfully dumped to SQLite database.
Inverted index constructed.
Spatial index constructed.
Searching for London...
Found 25 matches:
	6058560: ('London', 42.98339, -81.23304, 'CA', '08', 346765)
	2647425: ('Harrow', 51.57835, -0.33208000000000004, 'GB', 'ENG', 0)
	4119617: ('London', 35.32897, -93.25296, 'US', 'AR', 1039)
	5164352: ('New London', 41.08505, -82.39989, 'US', 'OH', 2461)
	5039111: ('New London', 45.30108, -94.94418, 'US', 'MN', 1251)
	5367815: ('London', 36.47606, -119.44318, 'US', 'CA', 1869)
	1006984: ('East London', -33.01529, 27.911620000000003, 'ZA', '05', 478676)
	2650567: ('Ealing', 51.512159999999994, -0.30204000000000003, 'GB', 'ENG', 0)
	5264455: ('New London', 44.392759999999996, -88.73983, 'US', 'WI', 7295)
	5090189: ('New London', 43.413959999999996, -71.98508000000001, 'US', 'NH', 1415)
	4298960: ('London', 37.12898, -84.08326, 'US', 'KY', 7993)
	4517009: ('London', 39.88645, -83.44825, 'US', 'OH', 9904)
	2636503: ('Sutton', 51.35, -0.2, 'GB', 'ENG', 187600)
	4030939: ('London Village', 1.9848700000000001, -157.47502, 'KI', '02', 1829)
	2643741: ('City of London', 51.51279, -0.09183999999999999, 'GB', 'ENG', 7556900)
	2655775: ('Bexley', 51.44162, 0.14866, 'GB', 'ENG', 228000)
	4868768: ('New London', 40.92698, -91.3996, 'US', 'IA', 1897)
	2657697: ('Acton', 51.509009999999996, -0.2762, 'GB', 'ENG', 53689)
	2643743: ('London', 51.50853, -0.12574000000000002, 'GB', 'ENG', 7556900)
	2656295: ('Barnet', 51.65, -0.2, 'GB', 'ENG', 30000)
	4400423: ('New London', 39.58532, -91.40098, 'US', 'MO', 974)
	6615338: ('West End of London', 51.514140000000005, -0.1551, 'GB', 'ENG', 10575)
	2646517: ('Hounslow', 51.46839, -0.36091999999999996, 'GB', 'ENG', 0)
	4839416: ('New London', 41.35565, -72.09952, 'US', 'CT', 27620)
	2634812: ('Wandsworth', 51.4577, -0.20784, 'GB', 'ENG', 0)
Searching for Paris...
Found 18 matches:
	4246659: ('Paris', 39.61115, -87.69614, 'US', 'IL', 8837)
	4982671: ('West Paris', 44.32423, -70.57395, 'US', 'ME', 1790)
	4402452: ('Paris', 39.48087, -92.00128000000001, 'US', 'MO', 1220)
	4979220: ('South Paris', 44.22368, -70.51339, 'US', 'ME', 2267)
	966166: ('Parys', -26.9033, 27.45727, 'ZA', '03', 71319)
	4974617: ('Paris', 44.25979, -70.50062, 'US', 'ME', 5073)
	4519642: ('New Paris', 39.85699, -84.79329, 'US', 'OH', 1629)
	4647963: ('Paris', 36.302, -88.32670999999999, 'US', 'TN', 10156)
	6942553: ('Paris', 43.2, -80.38333, 'CA', '08', 11177)
	4125402: ('Paris', 35.29203, -93.72991999999999, 'US', 'AR', 3532)
	2988507: ('Paris', 48.85341, 2.3488, 'FR', '11', 2138551)
	5170013: ('Saint Paris', 40.12839, -83.95966, 'US', 'OH', 2089)
	8504417: ('La Defense', 48.89198, 2.23881, 'FR', '11', 20000)
	4924135: ('New Paris', 41.50033, -85.82805, 'US', 'IN', 1494)
	5603240: ('Paris', 42.22715, -111.40104, 'US', 'ID', 513)
	4303602: ('Paris', 38.2098, -84.25299, 'US', 'KY', 8553)
	4717560: ('Paris', 33.660940000000004, -95.55551, 'US', 'TX', 25171)
	3703358: ('París', 8.05053, -80.55409, 'PA', '06', 0)
Searching for Chicago...
Found 8 matches:
	4887492: ('Chicago Ridge', 41.70142, -87.77922, 'US', 'IL', 14305)
	4887398: ('Chicago', 41.85003, -87.65005, 'US', 'IL', 2695598)
	4919857: ('East Chicago', 41.6392, -87.45476, 'US', 'IN', 29698)
	4887442: ('Chicago Heights', 41.50615, -87.6356, 'US', 'IL', 30276)
	4903862: ('North Chicago', 42.32558, -87.84118000000001, 'US', 'IL', 32574)
	4915963: ('West Chicago', 41.88475, -88.20396, 'US', 'IL', 27086)
	4911868: ('South Chicago Heights', 41.48087, -87.63781999999999, 'US', 'IL', 4139)
	4924095: ('New Chicago', 41.558370000000004, -87.27448000000001, 'US', 'IN', 2035)
Searching for meow...
No matches found.
Searching for grygov...
Found 1 matches:
	3076084: ('Grygov', 49.53841, 17.308870000000002, 'CZ', '84', 1385)
Searching for Sa'dah...
Found 1 matches:
	71334: ("Sa'dah", 16.94021, 43.76393, 'YE', '15', 51870)
Searching for Washington DC...
Found 1 matches:
	4140963: ('Washington, D.C.', 38.895109999999995, -77.03636999999999, 'US', 'DC', 601723)
Searching for Cape Town...
Found 1 matches:
	3369157: ('Cape Town', -33.92584, 18.42322, 'ZA', '11', 3433441)
Searching for San Francisco...
Found 130 matches:
	8858629: ('San Francisco Temetzontla', 19.350279999999998, -98.28860999999999, 'MX', '29', 2260)
	2511381: ('Sant Francesc de Formentera', 38.705659999999995, 1.42893, 'ES', '07', 2656)
	3621911: ('San Francisco', 9.992989999999999, -84.12934, 'CR', '04', 55923)
	3986970: ('Pichátaro', 19.57289, -101.80736999999999, 'MX', '16', 4749)
	3986971: ('San Francisco Peribán', 19.55601, -102.39844000000001, 'MX', '16', 2054)
	8858142: ('San Francisco Tecoxpa', 19.191670000000002, -99.00639, 'MX', '09', 11456)
	3517989: ('Jaltepetongo', 17.68623, -97.03569, 'MX', '20', 0)
	3986984: ('San Francisco del Rincón', 21.01843, -101.85515, 'MX', '11', 66949)
	3514409: ('Xonacatlán', 19.40513, -99.52807, 'MX', '15', 19687)
	3986985: ('San Francisco de los Romos', 22.08333, -102.26666999999999, 'MX', '01', 0)
	3526699: ('Ixtacamaxtitlán', 19.623520000000003, -97.81539000000001, 'MX', '21', 0)
	8858668: ('San Francisco', 27.645, -113.41917, 'MX', '03', 2152)
	3986990: ('El Oro', 26.8632, -105.84838, 'MX', '06', 0)
	3590197: ('San Francisco Zapotitlán', 14.583329999999998, -91.51666999999999, 'GT', '20', 13855)
	3986998: ('San Francisco de Horizonte (Horizonte)', 25.9369, -103.41688, 'MX', '10', 1657)
	8858677: ('San Francisco (Mata Clara)', 18.81444, -96.74611, 'MX', '30', 2131)
	3526715: ('San Francisco Ixhuatan', 16.35109, -94.48402, 'MX', '20', 5654)
	8858686: ('San Francisco Tlaltica', 19.65833, -98.775, 'MX', '15', 2095)
	3623486: ('Heredia', 10.002360000000001, -84.11650999999999, 'CR', '04', 21947)
	8858687: ('San Francisco Zacapexpan', 19.88028, -97.59611, 'MX', '21', 2095)
	3590213: ('San Francisco La Unión', 14.916670000000002, -91.53333, 'GT', '13', 1170)
	3654215: ('Milagro', -2.13404, -79.59415, 'EC', '10', 133508)
	3590219: ('San Francisco El Alto', 14.95, -91.45, 'GT', '21', 54493)
	3827285: ('San Francisco Putla', 19.127779999999998, -99.63556, 'MX', '15', 3433)
	8858710: ('San Francisco (Baños de Agua Caliente)', 21.07389, -101.47278, 'MX', '11', 2044)
	5391959: ('San Francisco', 37.77493, -122.41942, 'US', 'CA', 805235)
	3516510: ('San Francisco Soyaniquilpan', 20.014879999999998, -99.53022, 'MX', '15', 3898)
	3530852: ('San Francisco Chimalpa', 19.44279, -99.34398, 'MX', '17', 7182)
	3590249: ('San Francisco', 16.8, -89.93333, 'GT', '12', 3954)
	8858734: ('San Francisco Tlacuilohcan', 19.401670000000003, -98.19278, 'MX', '29', 1992)
	3929710: ('San Francisco', -12.6, -73.81667, 'PE', '05', 0)
	3615865: ('Valle San Francisco', 12.51667, -86.28333, 'NI', '10', 2219)
	8859271: ('San Francisco Jaconá', 17.26278, -93.0325, 'MX', '05', 1323)
	8858256: ('San Francisco de Asís', 20.59694, -102.56361, 'MX', '14', 5291)
	8859286: ('Colonia San Francisco (San Francisco)', 22.30361, -101.82056, 'MX', '32', 1314)
	3987618: ('Francisco Serrato (San Bartolo)', 19.5068, -100.26, 'MX', '16', 2396)
	3905705: ('San Francisco', -20.71667, -64.7, 'BO', '01', 0)
	3837624: ('San Francisco del Monte de Oro', -32.59825, -66.12539, 'AR', '19', 3295)
	3837625: ('San Francisco del Chañar', -29.78991, -63.93861, 'AR', '05', 2067)
	3532989: ('Altepexi', 18.37035, -97.29966, 'MX', '21', 16587)
	3429054: ('San Francisco de Laishí', -26.242620000000002, -58.630390000000006, 'AR', '09', 4384)
	8858306: ('San Francisco Tepeyecac', 19.24861, -98.43833000000001, 'MX', '21', 4072)
	8858825: ('San Francisco de la Palma', 20.66028, -100.51528, 'MX', '22', 1825)
	3529932: ('Cuetzalan', 20.01766, -97.52277, 'MX', '21', 5785)
	3583716: ('San Francisco Menéndez', 13.843060000000001, -90.01583000000001, 'SV', '01', 1264)
	3837675: ('San Francisco', -31.427970000000002, -62.08266, 'AR', '05', 59062)
	3701483: ('San Francisco', 8.24652, -80.97471999999999, 'PA', '10', 0)
	3701484: ('San Francisco', 8.06667, -81.36667, 'PA', '10', 1898)
	8858863: ('Colonia San Francisco de Asís', 19.57861, -99.75444, 'MX', '15', 1757)
	3827448: ('San Francisco Chimalpa', 19.44194, -99.34194000000001, 'MX', '15', 8953)
	8859391: ('Loma de San Francisco', 19.28333, -99.80917, 'MX', '15', 1252)
	8858369: ('San Francisco Ayotuzco', 19.36583, -99.35694000000001, 'MX', '15', 3459)
	3583747: ('San Francisco', 13.7, -88.1, 'SV', '08', 16152)
	5397765: ('South San Francisco', 37.65466, -122.40775, 'US', 'CA', 63632)
	8859910: ('Rinconadas de San Francisco', 20.066110000000002, -98.76805999999999, 'MX', '13', 1011)
	3519243: ('San Francisco Zacacalco', 19.92875, -98.98279000000001, 'MX', '17', 7225)
	3519249: ('San Francisco Tlalcilalcalpan', 19.29474, -99.76771, 'MX', '15', 11059)
	3519251: ('San Francisco Tepexoxica', 19.06043, -99.54783, 'MX', '15', 3175)
	3519255: ('San Francisco Telixtlahuaca', 17.29684, -96.90529000000001, 'MX', '20', 8999)
	3449112: ('São Francisco do Sul', -26.24333, -48.638059999999996, 'BR', '26', 36224)
	3519256: ('San Francisco Sola', 16.51584, -96.97488, 'MX', '20', 0)
	3493146: ('San Francisco de Macorís', 19.30099, -70.25259, 'DO', '06', 124763)
	3826967: ('San Francisco de Guzmán', 19.620279999999998, -99.77472, 'MX', '15', 1562)
	3519262: ('Mixtla', 18.90502, -97.89554, 'MX', '21', 0)
	8859937: ('Colonia San Francisco', 18.89611, -98.90361, 'MX', '17', 1004)
	3519266: ('San Francisco Lachigoló', 17.01624, -96.59947, 'MX', '20', 0)
	3519274: ('San Francisco del Mar Viejo', 16.23185, -94.63297, 'MX', '20', 4033)
	3519282: ('San Francisco Chindúa', 17.42809, -97.31266, 'MX', '20', 0)
	3519285: ('San Francisco Cajonos', 17.17091, -96.25024, 'MX', '20', 0)
	8858422: ('San Francisco', 19.77722, -97.32806, 'MX', '21', 3054)
	3519289: ('Atexcatzingo', 19.46882, -98.14716, 'MX', '29', 4504)
	3519290: ('San Francisco Acuautla', 19.34317, -98.85557, 'MX', '15', 21905)
	3628350: ('San Francisco de Yare', 10.17793, -66.74649000000001, 'VE', '15', 0)
	8859464: ('Praderas de San Francisco', 25.81833, -100.4025, 'MX', '19', 1215)
	4018518: ('Angamacutiro de la Unión', 20.14998, -101.71113000000001, 'MX', '16', 5021)
	3628374: ('San Francisco', 10.55363, -71.70364000000001, 'VE', '23', 0)
	3997017: ('Luis Moya', 22.432370000000002, -102.24864000000001, 'MX', '32', 6335)
	3928924: ('Satipo', -11.25222, -74.63861, 'PE', '12', 15532)
	3827037: ('San Francisco Chalchihuapan', 19.77, -99.82167, 'MX', '15', 2201)
	3602272: ('San Francisco de Yojoa', 15.016670000000001, -87.96667, 'HN', '06', 1946)
	3669857: ('San Francisco', 6.11667, -75.98333000000001, 'CO', '02', 2779)
	1689954: ('Del Monte', 14.6418, 121.0177, 'PH', '40', 11035)
	3800931: ('San Francisco Jaltepetongo', 17.38579, -97.26481, 'MX', '20', 0)
	3669860: ('San Francisco', 4.97876, -74.2927, 'CO', '33', 2785)
	3602277: ('San Francisco del Valle', 14.433329999999998, -88.95, 'HN', '14', 1878)
	3800932: ('San Francisco Nuxaño', 17.381729999999997, -97.34262, 'MX', '20', 0)
	3602281: ('San Francisco de la Paz', 14.9, -86.2, 'HN', '15', 5411)
	3519337: ('San Francisco', 20.55254, -98.00209, 'MX', '30', 3353)
	3602284: ('San Francisco de Coray', 13.661389999999999, -87.53278, 'HN', '17', 1330)
	3652462: ('Quito', -0.22985, -78.52495, 'EC', '18', 1399814)
	3602286: ('San Francisco de Cones', 14.516670000000001, -88.9, 'HN', '14', 1066)
	3602287: ('San Francisco de Becerra', 14.633329999999999, -86.1, 'HN', '15', 2411)
	3522926: ('Motozintla', 15.36694, -92.24605, 'MX', '05', 19092)
	1689969: ('San Francisco', 15.6289, 120.43637, 'PH', '03', 2180)
	3821940: ('San Francisco', 17.00583, -99.28305999999999, 'MX', '12', 1674)
	1689973: ('San Francisco', 15.35566, 120.84001, 'PH', '03', 19570)
	8859000: ('San Francisco Atotonilco', 20.19472, -98.15167, 'MX', '13', 1573)
	3669881: ('San Francisco', 1.17644, -76.87838, 'CO', '22', 4350)
	1689979: ('San Francisco', 14.96154, 120.54526000000001, 'PH', '03', 3960)
	3602301: ('San Francisco', 15.65, -87.05, 'HN', '01', 2806)
	3519358: ('San Francisco Ozomatlán', 17.92537, -99.33901999999999, 'MX', '12', 1410)
	1689988: ('San Francisco', 13.898060000000001, 121.24806000000001, 'PH', '40', 2535)
	1689989: ('San Francisco', 13.7911, 122.2876, 'PH', '40', 3016)
	1689994: ('Aurora', 13.3476, 122.5195, 'PH', '40', 16178)
	1689996: ('San Francisco', 13.316670000000002, 123.75, 'PH', '05', 2154)
	1689997: ('San Francisco', 13.0367, 123.7832, 'PH', '05', 2903)
	8858511: ('San Francisco Independencia (Santa María Aserradero)', 19.06889, -97.43028000000001, 'MX', '21', 2627)
	1689999: ('San Francisco', 12.72472, 123.90638999999999, 'PH', '05', 2541)
	1690005: ('San Francisco', 11.31961, 122.05051, 'PH', '06', 2901)
	3522454: ('San Francisco Ocotlán', 19.13411, -98.28345, 'MX', '21', 9894)
	8858518: ('Prados San Francisco', 19.72154, -99.08366, 'MX', '15', 2600)
	1690011: ('San Francisco', 10.6461, 124.3816, 'PH', '07', 8989)
	8859549: ('San Francisco Javier', 17.02861, -96.7775, 'MX', '20', 1162)
	1690014: ('San Francisco', 10.16018, 124.31098, 'PH', '07', 5047)
	3515807: ('Cuautitlán Izcalli', 19.64388, -99.21598, 'MX', '15', 475179)
	1690015: ('San Francisco', 10.06, 125.16056, 'PH', '08', 2676)
	1690016: ('San Francisco', 9.77694, 125.42472, 'PH', '13', 0)
	8859042: ('Cerro de San Francisco', 19.370379999999997, -99.35162, 'MX', '15', 1518)
	1690017: ('San Francisco', 9.52806, 125.48556, 'PH', '13', 2279)
	1690019: ('San Francisco', 8.53556, 125.95, 'PH', '13', 18542)
	2307502: ('Ncue', 2.0164299999999997, 10.47066, 'GQ', '00', 1683)
	3815359: ('Tetlanohcán', 19.2603, -98.16433, 'MX', '29', 9832)
	8859601: ('Estación de San Francisco', 21.03722, -101.82472, 'MX', '11', 1140)
	3600338: ('Villa de San Francisco', 14.166670000000002, -86.96667, 'HN', '08', 5914)
	8858579: ('San Francisco (El Calvito)', 16.32167, -92.56194, 'MX', '05', 2409)
	3531732: ('Campeche', 19.84386, -90.52554, 'MX', '04', 205212)
	3815389: ('Tepeyanco', 19.24558, -98.23409000000001, 'MX', '29', 3370)
	3981791: ('Tesistán', 20.80051, -103.46993, 'MX', '14', 29253)
	3823589: ('San Francisco Nacaxtle', 19.11083, -96.59583, 'MX', '30', 1067)
	8859124: ('San Francisco Tláloc', 19.36972, -98.47721999999999, 'MX', '21', 1445)
Searching for 北京市...
Found 1 matches:
	1816670: ('Beijing', 39.9075, 116.39723000000001, 'CN', '22', 11716620)
Nearest neighbors search returns...
	3003737: ('Le Kremlin-Bicêtre', 48.81471, 2.3607299999999998, 'FR', '11', 27867)
	3016292: ('Gentilly', 48.812940000000005, 2.3417, 'FR', '11', 15939)
	2992017: ('Montrouge', 48.8162, 2.31393, 'FR', '11', 38708)
	3012621: ('Ivry-sur-Seine', 48.81568, 2.3848700000000003, 'FR', '11', 57897)
	2996514: ('Malakoff', 48.819990000000004, 2.29998, 'FR', '11', 29420)
	2978621: ('Saint-Mandé', 48.838640000000005, 2.4157900000000003, 'FR', '11', 21261)
	3035403: ('Bagnolet', 48.86667, 2.41667, 'FR', '11', 33504)
	3002499: ('Le Pré-Saint-Gervais', 48.885490000000004, 2.40422, 'FR', '11', 17786)
	2970761: ('Vanves', 48.82345, 2.29025, 'FR', '11', 26068)
	3026637: ('Charenton-le-Pont', 48.82209, 2.41217, 'FR', '11', 30910)
Nearest neighbors search returns...
	4888015: ('Cicero', 41.84559, -87.75394, 'US', 'IL', 83891)
	4912555: ('Stickney', 41.82142, -87.78283, 'US', 'IL', 6786)
	4904381: ('Oak Park', 41.88503, -87.7845, 'US', 'IL', 51878)
	4884597: ('Berwyn', 41.850590000000004, -87.79366999999999, 'US', 'IL', 56657)
	4892775: ('Forest Park', 41.87948, -87.81367, 'US', 'IL', 14167)
	4904002: ('North Riverside', 41.84281, -87.82311, 'US', 'IL', 6672)
	4907706: ('Riverside', 41.835029999999996, -87.82284, 'US', 'IL', 8875)
	4900749: ('Lyons', 41.81337, -87.81811, 'US', 'IL', 10729)
	4896348: ('Hometown', 41.73448, -87.73144, 'US', 'IL', 4349)
	4907637: ('River Forest', 41.89781, -87.81395, 'US', 'IL', 11172)
